<?xml version="1.0" encoding="UTF-8"?>
<testsuite xmlns:xsi="http://www.w3.org/2001/XMLSchema-instance" xsi:noNamespaceSchemaLocation="https://maven.apache.org/surefire/maven-surefire-plugin/xsd/surefire-test-report.xsd" version="3.0.2" name="dev.aks8m.vanir.yggdrasil.test.ApplicationTest" time="0.861" tests="1" errors="0" skipped="0" failures="0">
  <properties>
    <property name="java.specification.version" value="21"/>
    <property name="sun.jnu.encoding" value="UTF-8"/>
    <property name="java.class.path" value="/home/aks8m/code/yggdrasil/target/test-classes:/home/aks8m/code/yggdrasil/target/classes:/home/aks8m/.m2/repository/io/javalin/javalin-bundle/6.3.0/javalin-bundle-6.3.0.jar:/home/aks8m/.m2/repository/io/javalin/javalin/6.3.0/javalin-6.3.0.jar:/home/aks8m/.m2/repository/org/eclipse/jetty/jetty-server/11.0.23/jetty-server-11.0.23.jar:/home/aks8m/.m2/repository/org/eclipse/jetty/jetty-http/11.0.23/jetty-http-11.0.23.jar:/home/aks8m/.m2/repository/org/eclipse/jetty/websocket/websocket-jetty-server/11.0.23/websocket-jetty-server-11.0.23.jar:/home/aks8m/.m2/repository/org/eclipse/jetty/jetty-servlet/11.0.23/jetty-servlet-11.0.23.jar:/home/aks8m/.m2/repository/org/eclipse/jetty/jetty-security/11.0.23/jetty-security-11.0.23.jar:/home/aks8m/.m2/repository/org/eclipse/jetty/jetty-webapp/11.0.23/jetty-webapp-11.0.23.jar:/home/aks8m/.m2/repository/org/eclipse/jetty/jetty-xml/11.0.23/jetty-xml-11.0.23.jar:/home/aks8m/.m2/repository/org/eclipse/jetty/websocket/websocket-jetty-api/11.0.23/websocket-jetty-api-11.0.23.jar:/home/aks8m/.m2/repository/org/eclipse/jetty/websocket/websocket-jetty-common/11.0.23/websocket-jetty-common-11.0.23.jar:/home/aks8m/.m2/repository/org/eclipse/jetty/websocket/websocket-core-common/11.0.23/websocket-core-common-11.0.23.jar:/home/aks8m/.m2/repository/org/eclipse/jetty/websocket/websocket-servlet/11.0.23/websocket-servlet-11.0.23.jar:/home/aks8m/.m2/repository/org/eclipse/jetty/websocket/websocket-core-server/11.0.23/websocket-core-server-11.0.23.jar:/home/aks8m/.m2/repository/io/javalin/javalin-context-mock/6.3.0/javalin-context-mock-6.3.0.jar:/home/aks8m/.m2/repository/org/eclipse/jetty/toolchain/jetty-jakarta-servlet-api/5.0.2/jetty-jakarta-servlet-api-5.0.2.jar:/home/aks8m/.m2/repository/io/javalin/javalin-testtools/6.3.0/javalin-testtools-6.3.0.jar:/home/aks8m/.m2/repository/com/squareup/okhttp3/okhttp/4.12.0/okhttp-4.12.0.jar:/home/aks8m/.m2/repository/com/squareup/okio/okio/3.6.0/okio-3.6.0.jar:/home/aks8m/.m2/repository/com/squareup/okio/okio-jvm/3.6.0/okio-jvm-3.6.0.jar:/home/aks8m/.m2/repository/org/jetbrains/kotlin/kotlin-stdlib-common/1.9.10/kotlin-stdlib-common-1.9.10.jar:/home/aks8m/.m2/repository/io/javalin/javalin-micrometer/6.3.0/javalin-micrometer-6.3.0.jar:/home/aks8m/.m2/repository/io/micrometer/micrometer-core/1.13.2/micrometer-core-1.13.2.jar:/home/aks8m/.m2/repository/io/micrometer/micrometer-commons/1.13.2/micrometer-commons-1.13.2.jar:/home/aks8m/.m2/repository/io/micrometer/micrometer-observation/1.13.2/micrometer-observation-1.13.2.jar:/home/aks8m/.m2/repository/org/hdrhistogram/HdrHistogram/2.2.2/HdrHistogram-2.2.2.jar:/home/aks8m/.m2/repository/org/latencyutils/LatencyUtils/2.0.3/LatencyUtils-2.0.3.jar:/home/aks8m/.m2/repository/io/micrometer/micrometer-jetty11/1.13.2/micrometer-jetty11-1.13.2.jar:/home/aks8m/.m2/repository/com/fasterxml/jackson/core/jackson-databind/2.17.2/jackson-databind-2.17.2.jar:/home/aks8m/.m2/repository/com/fasterxml/jackson/core/jackson-annotations/2.17.2/jackson-annotations-2.17.2.jar:/home/aks8m/.m2/repository/com/fasterxml/jackson/core/jackson-core/2.17.2/jackson-core-2.17.2.jar:/home/aks8m/.m2/repository/com/fasterxml/jackson/module/jackson-module-kotlin/2.17.2/jackson-module-kotlin-2.17.2.jar:/home/aks8m/.m2/repository/org/jetbrains/kotlin/kotlin-reflect/1.7.22/kotlin-reflect-1.7.22.jar:/home/aks8m/.m2/repository/com/fasterxml/jackson/datatype/jackson-datatype-jsr310/2.17.2/jackson-datatype-jsr310-2.17.2.jar:/home/aks8m/.m2/repository/com/aayushatharva/brotli4j/brotli4j/1.16.0/brotli4j-1.16.0.jar:/home/aks8m/.m2/repository/com/aayushatharva/brotli4j/service/1.16.0/service-1.16.0.jar:/home/aks8m/.m2/repository/com/aayushatharva/brotli4j/native-linux-x86_64/1.16.0/native-linux-x86_64-1.16.0.jar:/home/aks8m/.m2/repository/org/eclipse/jetty/http2/http2-server/11.0.23/http2-server-11.0.23.jar:/home/aks8m/.m2/repository/org/eclipse/jetty/http2/http2-common/11.0.23/http2-common-11.0.23.jar:/home/aks8m/.m2/repository/org/eclipse/jetty/http2/http2-hpack/11.0.23/http2-hpack-11.0.23.jar:/home/aks8m/.m2/repository/org/eclipse/jetty/jetty-alpn-conscrypt-server/11.0.23/jetty-alpn-conscrypt-server-11.0.23.jar:/home/aks8m/.m2/repository/org/conscrypt/conscrypt-openjdk-uber/2.5.2/conscrypt-openjdk-uber-2.5.2.jar:/home/aks8m/.m2/repository/org/eclipse/jetty/jetty-alpn-server/11.0.23/jetty-alpn-server-11.0.23.jar:/home/aks8m/.m2/repository/org/eclipse/jetty/jetty-io/11.0.23/jetty-io-11.0.23.jar:/home/aks8m/.m2/repository/org/eclipse/jetty/jetty-util/11.0.23/jetty-util-11.0.23.jar:/home/aks8m/.m2/repository/org/jetbrains/kotlin/kotlin-stdlib-jdk8/1.9.25/kotlin-stdlib-jdk8-1.9.25.jar:/home/aks8m/.m2/repository/org/jetbrains/kotlin/kotlin-stdlib/1.9.25/kotlin-stdlib-1.9.25.jar:/home/aks8m/.m2/repository/org/jetbrains/annotations/13.0/annotations-13.0.jar:/home/aks8m/.m2/repository/org/jetbrains/kotlin/kotlin-stdlib-jdk7/1.9.25/kotlin-stdlib-jdk7-1.9.25.jar:/home/aks8m/.m2/repository/org/slf4j/slf4j-api/2.0.16/slf4j-api-2.0.16.jar:/home/aks8m/.m2/repository/ch/qos/logback/logback-core/1.5.8/logback-core-1.5.8.jar:/home/aks8m/.m2/repository/ch/qos/logback/logback-classic/1.5.8/logback-classic-1.5.8.jar:/home/aks8m/.m2/repository/org/junit/jupiter/junit-jupiter/5.11.2/junit-jupiter-5.11.2.jar:/home/aks8m/.m2/repository/org/junit/jupiter/junit-jupiter-params/5.11.2/junit-jupiter-params-5.11.2.jar:/home/aks8m/.m2/repository/org/junit/jupiter/junit-jupiter-engine/5.11.2/junit-jupiter-engine-5.11.2.jar:/home/aks8m/.m2/repository/org/junit/platform/junit-platform-engine/1.11.2/junit-platform-engine-1.11.2.jar:/home/aks8m/.m2/repository/org/junit/jupiter/junit-jupiter-api/5.11.2/junit-jupiter-api-5.11.2.jar:/home/aks8m/.m2/repository/org/opentest4j/opentest4j/1.3.0/opentest4j-1.3.0.jar:/home/aks8m/.m2/repository/org/junit/platform/junit-platform-commons/1.11.2/junit-platform-commons-1.11.2.jar:/home/aks8m/.m2/repository/org/apiguardian/apiguardian-api/1.1.2/apiguardian-api-1.1.2.jar:"/>
    <property name="java.vm.vendor" value="Azul Systems, Inc."/>
    <property name="sun.arch.data.model" value="64"/>
    <property name="java.vendor.url" value="http://www.azul.com/"/>
    <property name="user.timezone" value="America/New_York"/>
    <property name="os.name" value="Linux"/>
    <property name="java.vm.specification.version" value="21"/>
    <property name="sun.java.launcher" value="SUN_STANDARD"/>
    <property name="sun.boot.library.path" value="/home/aks8m/.sdkman/candidates/java/21.0.4-zulu/lib"/>
    <property name="sun.java.command" value="/home/aks8m/code/yggdrasil/target/surefire/surefirebooter-20250112220019601_3.jar /home/aks8m/code/yggdrasil/target/surefire 2025-01-12T22-00-19_402-jvmRun1 surefire-20250112220019601_1tmp surefire_0-20250112220019601_2tmp"/>
    <property name="jdk.debug" value="release"/>
    <property name="surefire.test.class.path" value="/home/aks8m/code/yggdrasil/target/test-classes:/home/aks8m/code/yggdrasil/target/classes:/home/aks8m/.m2/repository/io/javalin/javalin-bundle/6.3.0/javalin-bundle-6.3.0.jar:/home/aks8m/.m2/repository/io/javalin/javalin/6.3.0/javalin-6.3.0.jar:/home/aks8m/.m2/repository/org/eclipse/jetty/jetty-server/11.0.23/jetty-server-11.0.23.jar:/home/aks8m/.m2/repository/org/eclipse/jetty/jetty-http/11.0.23/jetty-http-11.0.23.jar:/home/aks8m/.m2/repository/org/eclipse/jetty/websocket/websocket-jetty-server/11.0.23/websocket-jetty-server-11.0.23.jar:/home/aks8m/.m2/repository/org/eclipse/jetty/jetty-servlet/11.0.23/jetty-servlet-11.0.23.jar:/home/aks8m/.m2/repository/org/eclipse/jetty/jetty-security/11.0.23/jetty-security-11.0.23.jar:/home/aks8m/.m2/repository/org/eclipse/jetty/jetty-webapp/11.0.23/jetty-webapp-11.0.23.jar:/home/aks8m/.m2/repository/org/eclipse/jetty/jetty-xml/11.0.23/jetty-xml-11.0.23.jar:/home/aks8m/.m2/repository/org/eclipse/jetty/websocket/websocket-jetty-api/11.0.23/websocket-jetty-api-11.0.23.jar:/home/aks8m/.m2/repository/org/eclipse/jetty/websocket/websocket-jetty-common/11.0.23/websocket-jetty-common-11.0.23.jar:/home/aks8m/.m2/repository/org/eclipse/jetty/websocket/websocket-core-common/11.0.23/websocket-core-common-11.0.23.jar:/home/aks8m/.m2/repository/org/eclipse/jetty/websocket/websocket-servlet/11.0.23/websocket-servlet-11.0.23.jar:/home/aks8m/.m2/repository/org/eclipse/jetty/websocket/websocket-core-server/11.0.23/websocket-core-server-11.0.23.jar:/home/aks8m/.m2/repository/io/javalin/javalin-context-mock/6.3.0/javalin-context-mock-6.3.0.jar:/home/aks8m/.m2/repository/org/eclipse/jetty/toolchain/jetty-jakarta-servlet-api/5.0.2/jetty-jakarta-servlet-api-5.0.2.jar:/home/aks8m/.m2/repository/io/javalin/javalin-testtools/6.3.0/javalin-testtools-6.3.0.jar:/home/aks8m/.m2/repository/com/squareup/okhttp3/okhttp/4.12.0/okhttp-4.12.0.jar:/home/aks8m/.m2/repository/com/squareup/okio/okio/3.6.0/okio-3.6.0.jar:/home/aks8m/.m2/repository/com/squareup/okio/okio-jvm/3.6.0/okio-jvm-3.6.0.jar:/home/aks8m/.m2/repository/org/jetbrains/kotlin/kotlin-stdlib-common/1.9.10/kotlin-stdlib-common-1.9.10.jar:/home/aks8m/.m2/repository/io/javalin/javalin-micrometer/6.3.0/javalin-micrometer-6.3.0.jar:/home/aks8m/.m2/repository/io/micrometer/micrometer-core/1.13.2/micrometer-core-1.13.2.jar:/home/aks8m/.m2/repository/io/micrometer/micrometer-commons/1.13.2/micrometer-commons-1.13.2.jar:/home/aks8m/.m2/repository/io/micrometer/micrometer-observation/1.13.2/micrometer-observation-1.13.2.jar:/home/aks8m/.m2/repository/org/hdrhistogram/HdrHistogram/2.2.2/HdrHistogram-2.2.2.jar:/home/aks8m/.m2/repository/org/latencyutils/LatencyUtils/2.0.3/LatencyUtils-2.0.3.jar:/home/aks8m/.m2/repository/io/micrometer/micrometer-jetty11/1.13.2/micrometer-jetty11-1.13.2.jar:/home/aks8m/.m2/repository/com/fasterxml/jackson/core/jackson-databind/2.17.2/jackson-databind-2.17.2.jar:/home/aks8m/.m2/repository/com/fasterxml/jackson/core/jackson-annotations/2.17.2/jackson-annotations-2.17.2.jar:/home/aks8m/.m2/repository/com/fasterxml/jackson/core/jackson-core/2.17.2/jackson-core-2.17.2.jar:/home/aks8m/.m2/repository/com/fasterxml/jackson/module/jackson-module-kotlin/2.17.2/jackson-module-kotlin-2.17.2.jar:/home/aks8m/.m2/repository/org/jetbrains/kotlin/kotlin-reflect/1.7.22/kotlin-reflect-1.7.22.jar:/home/aks8m/.m2/repository/com/fasterxml/jackson/datatype/jackson-datatype-jsr310/2.17.2/jackson-datatype-jsr310-2.17.2.jar:/home/aks8m/.m2/repository/com/aayushatharva/brotli4j/brotli4j/1.16.0/brotli4j-1.16.0.jar:/home/aks8m/.m2/repository/com/aayushatharva/brotli4j/service/1.16.0/service-1.16.0.jar:/home/aks8m/.m2/repository/com/aayushatharva/brotli4j/native-linux-x86_64/1.16.0/native-linux-x86_64-1.16.0.jar:/home/aks8m/.m2/repository/org/eclipse/jetty/http2/http2-server/11.0.23/http2-server-11.0.23.jar:/home/aks8m/.m2/repository/org/eclipse/jetty/http2/http2-common/11.0.23/http2-common-11.0.23.jar:/home/aks8m/.m2/repository/org/eclipse/jetty/http2/http2-hpack/11.0.23/http2-hpack-11.0.23.jar:/home/aks8m/.m2/repository/org/eclipse/jetty/jetty-alpn-conscrypt-server/11.0.23/jetty-alpn-conscrypt-server-11.0.23.jar:/home/aks8m/.m2/repository/org/conscrypt/conscrypt-openjdk-uber/2.5.2/conscrypt-openjdk-uber-2.5.2.jar:/home/aks8m/.m2/repository/org/eclipse/jetty/jetty-alpn-server/11.0.23/jetty-alpn-server-11.0.23.jar:/home/aks8m/.m2/repository/org/eclipse/jetty/jetty-io/11.0.23/jetty-io-11.0.23.jar:/home/aks8m/.m2/repository/org/eclipse/jetty/jetty-util/11.0.23/jetty-util-11.0.23.jar:/home/aks8m/.m2/repository/org/jetbrains/kotlin/kotlin-stdlib-jdk8/1.9.25/kotlin-stdlib-jdk8-1.9.25.jar:/home/aks8m/.m2/repository/org/jetbrains/kotlin/kotlin-stdlib/1.9.25/kotlin-stdlib-1.9.25.jar:/home/aks8m/.m2/repository/org/jetbrains/annotations/13.0/annotations-13.0.jar:/home/aks8m/.m2/repository/org/jetbrains/kotlin/kotlin-stdlib-jdk7/1.9.25/kotlin-stdlib-jdk7-1.9.25.jar:/home/aks8m/.m2/repository/org/slf4j/slf4j-api/2.0.16/slf4j-api-2.0.16.jar:/home/aks8m/.m2/repository/ch/qos/logback/logback-core/1.5.8/logback-core-1.5.8.jar:/home/aks8m/.m2/repository/ch/qos/logback/logback-classic/1.5.8/logback-classic-1.5.8.jar:/home/aks8m/.m2/repository/org/junit/jupiter/junit-jupiter/5.11.2/junit-jupiter-5.11.2.jar:/home/aks8m/.m2/repository/org/junit/jupiter/junit-jupiter-params/5.11.2/junit-jupiter-params-5.11.2.jar:/home/aks8m/.m2/repository/org/junit/jupiter/junit-jupiter-engine/5.11.2/junit-jupiter-engine-5.11.2.jar:/home/aks8m/.m2/repository/org/junit/platform/junit-platform-engine/1.11.2/junit-platform-engine-1.11.2.jar:/home/aks8m/.m2/repository/org/junit/jupiter/junit-jupiter-api/5.11.2/junit-jupiter-api-5.11.2.jar:/home/aks8m/.m2/repository/org/opentest4j/opentest4j/1.3.0/opentest4j-1.3.0.jar:/home/aks8m/.m2/repository/org/junit/platform/junit-platform-commons/1.11.2/junit-platform-commons-1.11.2.jar:/home/aks8m/.m2/repository/org/apiguardian/apiguardian-api/1.1.2/apiguardian-api-1.1.2.jar:"/>
    <property name="sun.cpu.endian" value="little"/>
    <property name="user.home" value="/home/aks8m"/>
    <property name="user.language" value="en"/>
    <property name="java.specification.vendor" value="Oracle Corporation"/>
    <property name="java.version.date" value="2024-07-16"/>
    <property name="java.home" value="/home/aks8m/.sdkman/candidates/java/21.0.4-zulu"/>
    <property name="file.separator" value="/"/>
    <property name="basedir" value="/home/aks8m/code/yggdrasil"/>
    <property name="java.vm.compressedOopsMode" value="Zero based"/>
    <property name="line.separator" value="&#10;"/>
    <property name="java.specification.name" value="Java Platform API Specification"/>
    <property name="java.vm.specification.vendor" value="Oracle Corporation"/>
    <property name="surefire.real.class.path" value="/home/aks8m/code/yggdrasil/target/surefire/surefirebooter-20250112220019601_3.jar"/>
    <property name="sun.management.compiler" value="HotSpot 64-Bit Tiered Compilers"/>
    <property name="java.runtime.version" value="21.0.4+7-LTS"/>
    <property name="user.name" value="aks8m"/>
    <property name="stdout.encoding" value="UTF-8"/>
    <property name="path.separator" value=":"/>
    <property name="os.version" value="5.15.167.4-microsoft-standard-WSL2"/>
    <property name="java.runtime.name" value="OpenJDK Runtime Environment"/>
    <property name="file.encoding" value="UTF-8"/>
    <property name="java.vm.name" value="OpenJDK 64-Bit Server VM"/>
    <property name="java.vendor.version" value="Zulu21.36+17-CA"/>
    <property name="localRepository" value="/home/aks8m/.m2/repository"/>
    <property name="java.vendor.url.bug" value="http://www.azul.com/support/"/>
    <property name="java.io.tmpdir" value="/tmp"/>
    <property name="java.version" value="21.0.4"/>
    <property name="user.dir" value="/home/aks8m/code/yggdrasil"/>
    <property name="os.arch" value="amd64"/>
    <property name="java.vm.specification.name" value="Java Virtual Machine Specification"/>
    <property name="native.encoding" value="UTF-8"/>
    <property name="java.library.path" value="/usr/java/packages/lib:/usr/lib64:/lib64:/lib:/usr/lib"/>
    <property name="java.vm.info" value="mixed mode, sharing"/>
    <property name="stderr.encoding" value="UTF-8"/>
    <property name="java.vendor" value="Azul Systems, Inc."/>
    <property name="java.vm.version" value="21.0.4+7-LTS"/>
    <property name="sun.io.unicode.encoding" value="UnicodeLittle"/>
    <property name="java.class.version" value="65.0"/>
  </properties>
  <testcase name="simpleAppTest" classname="dev.aks8m.vanir.yggdrasil.test.ApplicationTest" time="0.356">
    <system-out><![CDATA[22:00:21.545 [main] DEBUG o.e.jetty.http.PreEncodedHttpField - HttpField encoders loaded: [org.eclipse.jetty.http.Http1FieldPreEncoder@432038ec, org.eclipse.jetty.http2.hpack.HpackFieldPreEncoder@7daa0fbd]
22:00:21.597 [main] INFO  d.aks8m.vanir.yggdrasil.Application - Application info
22:00:21.599 [main] DEBUG d.aks8m.vanir.yggdrasil.Application - Application debug
22:00:21.599 [main] ERROR d.aks8m.vanir.yggdrasil.Application - Application error
]]></system-out>
  </testcase>
</testsuite>